

times in msec
 clock   self+sourced   self:  sourced script
 clock   elapsed:              other lines

000.017  000.017: --- NVIM STARTING ---
000.068  000.051: event init
000.190  000.122: early init
039.147  038.957: locale set
039.213  000.065: init first window
039.906  000.693: inits 1
039.995  000.089: window checked
040.008  000.014: parsing arguments
041.294  000.386  000.386: require('vim.shared')
042.174  000.359  000.359: require('vim._options')
042.183  000.878  000.519: require('vim._editor')
042.189  001.401  000.136: require('vim._init_packages')
042.206  000.797: init lua interpreter
042.463  000.257: expanding arguments
042.500  000.037: inits 2
043.347  000.848: init highlight
043.353  000.006: waiting for UI
043.523  000.169: done waiting for UI
043.538  000.015: clear screen
043.853  000.315: init default mappings & autocommands
046.040  000.137  000.137: sourcing C:\Program Files\Neovim\share\nvim\runtime\ftplugin.vim
046.596  000.095  000.095: sourcing C:\Program Files\Neovim\share\nvim\runtime\indent.vim
049.698  001.935  001.935: require('lazy')
049.782  000.038  000.038: require('ffi')
050.135  000.345  000.345: require('vim.loader')
050.619  000.287  000.287: require('vim.fs')
051.012  000.700  000.412: require('lazy.stats')
051.721  000.309  000.309: require('lazy.core.util')
051.999  000.269  000.269: require('lazy.core.config')
052.533  000.275  000.275: require('lazy.core.handler')
052.854  000.313  000.313: require('lazy.core.plugin')
052.878  000.871  000.283: require('lazy.core.loader')
056.475  000.362  000.362: require('lazyvim.util')
056.490  000.804  000.442: require('lazyvim.config')
059.331  001.069  001.069: require('lazyvim.config.options')
060.301  000.859  000.859: require('config.options')
060.704  000.367  000.367: require('lazyvim.util.plugin')
061.077  000.362  000.362: require('lazyvim.util.inject')
061.420  000.329  000.329: require('lazy.core.handler.event')
061.576  006.267  002.477: require('lazyvim.plugins')
061.941  000.321  000.321: require('lazyvim.plugins.coding')
062.455  000.265  000.265: require('lazyvim.plugins.colorscheme')
068.405  000.258  000.258: require('lazyvim.util.telescope')
068.460  005.982  005.724: require('lazyvim.plugins.editor')
069.246  000.277  000.277: require('lazyvim.plugins.formatting')
069.552  000.286  000.286: require('lazyvim.plugins.linting')
070.066  000.494  000.494: require('lazyvim.plugins.lsp')
070.668  000.346  000.346: require('lazyvim.plugins.treesitter')
071.019  000.319  000.319: require('lazyvim.plugins.ui')
071.376  000.259  000.259: require('lazyvim.plugins.util')
071.807  000.298  000.298: require('lazyvim.plugins.xtras')
072.626  000.338  000.338: require('lazyvim.plugins.extras.util.mini-hipatterns')
073.406  000.232  000.232: require('lazyvim.plugins.extras.lang.json')
074.201  000.244  000.244: require('lazyvim.plugins.extras.lang.typescript')
075.034  000.261  000.261: require('lazyvim.plugins.extras.lang.python')
075.810  000.317  000.317: require('lazyvim.plugins.extras.dap.core')
076.601  000.342  000.342: require('lazyvim.plugins.extras.formatting.black')
077.236  000.245  000.245: require('plugins._border')
077.695  000.261  000.261: require('plugins.coding')
078.069  000.254  000.254: require('plugins.colorscheme')
078.367  000.268  000.268: require('plugins.editor')
078.660  000.217  000.217: require('plugins.formatting')
078.914  000.239  000.239: require('plugins.lsp')
079.163  000.230  000.230: require('plugins.noice')
079.422  000.242  000.242: require('plugins.ui')
080.286  000.264  000.264: require('lazy.core.handler.cmd')
080.566  000.270  000.270: require('lazy.core.handler.ft')
080.885  000.309  000.309: require('lazy.core.handler.keys')
081.183  000.267  000.267: require('vim.inspect')
081.371  000.065  000.065: require('vim.keymap')
086.267  000.694  000.694: sourcing C:\Program Files\Neovim\share\nvim\runtime/filetype.lua
086.622  000.255  000.255: require('vim.ui')
088.807  000.205  000.205: require('vim.treesitter.language')
088.822  000.460  000.254: require('vim.treesitter.query')
088.830  002.062  001.603: require('nvim-treesitter.query_predicates')
089.494  000.234  000.234: require('lazyvim')
097.987  000.042  000.042: require('vim.F')
107.168  002.465  002.465: sourcing C:\Program Files\Neovim\share\nvim\runtime\colors\habamax.vim
109.524  000.246  000.246: require('rose-pine.config')
109.536  002.135  001.889: require('rose-pine')
118.796  000.232  000.232: require('rose-pine.utilities')
119.029  000.224  000.224: require('rose-pine.palette')
121.718  004.715  004.260: sourcing C:\Users\james\AppData\Local\nvim-data\lazy\rose-pine\colors\rose-pine.lua
122.677  000.271  000.271: sourcing C:\Program Files\Neovim\share\nvim\runtime/plugin/editorconfig.lua
123.173  000.113  000.113: sourcing C:\Program Files\Neovim\share\nvim\runtime/plugin/health.vim
123.908  000.356  000.356: sourcing C:\Program Files\Neovim\share\nvim\runtime/plugin/man.lua
124.707  000.375  000.375: sourcing C:\Program Files\Neovim\share\nvim\runtime/plugin/matchparen.vim
125.368  000.283  000.283: sourcing C:\Program Files\Neovim\share\nvim\runtime/plugin/nvim.lua
125.912  000.164  000.164: sourcing C:\Program Files\Neovim\share\nvim\runtime/plugin/shada.vim
126.441  000.096  000.096: sourcing C:\Program Files\Neovim\share\nvim\runtime/plugin/spellfile.vim
126.713  079.434  040.729: require('config.lazy')
126.722  079.549  000.115: sourcing C:\Users\james\AppData\Local\nvim\init.lua
126.795  003.162: sourcing vimrc file(s)
127.879  000.258  000.258: sourcing C:\Program Files\Neovim\share\nvim\runtime\filetype.lua
129.161  000.179  000.179: sourcing C:\Program Files\Neovim\share\nvim\runtime\syntax\synload.vim
129.377  001.032  000.854: sourcing C:\Program Files\Neovim\share\nvim\runtime\syntax\syntax.vim
129.445  001.360: inits 3
133.961  004.516: reading ShaDa
134.413  000.452: opening buffers
134.421  000.007: BufEnter autocommands
134.428  000.007: editing files in windows
135.472  000.326  000.326: sourcing C:/Users/james/AppData/Local/nvim-data/lazy/dashboard-nvim/plugin/dashboard.lua
138.119  000.388  000.388: require('dashboard.utils')
138.138  002.334  001.946: require('dashboard')
138.247  001.160: VimEnter autocommands
143.130  000.314  000.314: require('dashboard.theme.doom')
143.420  000.280  000.280: require('dashboard.theme.header')
144.195  005.354: UIEnter autocommands
168.547  022.373  022.373: sourcing C:\Program Files\Neovim\share\nvim\runtime\autoload\provider\clipboard.vim
168.579  002.011: before starting main loop
169.347  000.768: first screen update
169.354  000.007: --- NVIM STARTED ---


times in msec
 clock   self+sourced   self:  sourced script
 clock   elapsed:              other lines

000.015  000.015: --- NVIM STARTING ---
000.100  000.085: event init
000.252  000.152: early init
037.717  037.465: locale set
037.828  000.111: init first window
038.779  000.951: inits 1
038.904  000.125: window checked
038.917  000.013: parsing arguments
040.277  000.397  000.397: require('vim.shared')
041.143  000.338  000.338: require('vim._options')
041.152  000.865  000.527: require('vim._editor')
041.158  001.404  000.142: require('vim._init_packages')
041.175  000.853: init lua interpreter
047.151  005.976: expanding arguments
047.219  000.068: inits 2
048.134  000.915: init highlight


times in msec
 clock   self+sourced   self:  sourced script
 clock   elapsed:              other lines

000.013  000.013: --- NVIM STARTING ---
000.067  000.054: event init
000.182  000.116: early init
034.570  034.388: locale set
034.641  000.071: init first window
035.325  000.684: inits 1
035.413  000.088: window checked
035.424  000.011: parsing arguments
036.761  000.404  000.404: require('vim.shared')
037.599  000.307  000.307: require('vim._options')
037.607  000.835  000.528: require('vim._editor')
037.613  001.377  000.138: require('vim._init_packages')
037.630  000.828: init lua interpreter
037.884  000.255: expanding arguments
037.920  000.036: inits 2
038.678  000.758: init highlight
038.682  000.005: waiting for UI
038.854  000.172: done waiting for UI
038.865  000.011: clear screen
039.144  000.279: init default mappings & autocommands
041.370  000.127  000.127: sourcing C:\Program Files\Neovim\share\nvim\runtime\ftplugin.vim
041.907  000.086  000.086: sourcing C:\Program Files\Neovim\share\nvim\runtime\indent.vim
045.183  002.098  002.098: require('lazy')
045.264  000.041  000.041: require('ffi')
045.681  000.409  000.409: require('vim.loader')
046.129  000.242  000.242: require('vim.fs')
046.522  000.655  000.413: require('lazy.stats')
047.277  000.334  000.334: require('lazy.core.util')
047.598  000.310  000.310: require('lazy.core.config')
048.183  000.300  000.300: require('lazy.core.handler')
048.539  000.348  000.348: require('lazy.core.plugin')
048.567  000.961  000.313: require('lazy.core.loader')
052.404  000.407  000.407: require('lazyvim.util')
052.419  000.853  000.446: require('lazyvim.config')
055.279  001.182  001.182: require('lazyvim.config.options')
056.231  000.845  000.845: require('config.options')
056.608  000.343  000.343: require('lazyvim.util.plugin')
056.902  000.279  000.279: require('lazyvim.util.inject')
057.194  000.280  000.280: require('lazy.core.handler.event')
057.386  006.196  002.415: require('lazyvim.plugins')
057.669  000.255  000.255: require('lazyvim.plugins.coding')
057.962  000.227  000.227: require('lazyvim.plugins.colorscheme')
064.069  000.269  000.269: require('lazyvim.util.telescope')
064.134  006.152  005.884: require('lazyvim.plugins.editor')
064.466  000.268  000.268: require('lazyvim.plugins.formatting')
064.759  000.263  000.263: require('lazyvim.plugins.linting')
065.161  000.384  000.384: require('lazyvim.plugins.lsp')
065.847  000.602  000.602: require('lazyvim.plugins.treesitter')
066.264  000.357  000.357: require('lazyvim.plugins.ui')
066.605  000.231  000.231: require('lazyvim.plugins.util')
067.035  000.289  000.289: require('lazyvim.plugins.xtras')
067.706  000.244  000.244: require('lazyvim.plugins.extras.util.mini-hipatterns')
068.492  000.251  000.251: require('lazyvim.plugins.extras.lang.json')
069.115  000.230  000.230: require('lazyvim.plugins.extras.lang.typescript')
069.751  000.255  000.255: require('lazyvim.plugins.extras.lang.python')
070.420  000.275  000.275: require('lazyvim.plugins.extras.dap.core')
071.061  000.215  000.215: require('lazyvim.plugins.extras.formatting.black')
071.949  000.243  000.243: require('plugins._border')
072.386  000.279  000.279: require('plugins.coding')
072.677  000.235  000.235: require('plugins.colorscheme')
073.023  000.316  000.316: require('plugins.editor')
073.448  000.223  000.223: require('plugins.formatting')
073.674  000.207  000.207: require('plugins.lsp')
073.904  000.212  000.212: require('plugins.noice')
074.151  000.228  000.228: require('plugins.ui')
074.864  000.255  000.255: require('lazy.core.handler.keys')
075.174  000.299  000.299: require('lazy.core.handler.cmd')
075.492  000.304  000.304: require('lazy.core.handler.ft')
075.862  000.312  000.312: require('vim.inspect')
076.046  000.082  000.082: require('vim.keymap')
081.731  000.763  000.763: sourcing C:\Program Files\Neovim\share\nvim\runtime/filetype.lua
082.107  000.289  000.289: require('vim.ui')
084.516  000.225  000.225: require('vim.treesitter.language')
084.533  000.490  000.265: require('vim.treesitter.query')
084.543  002.258  001.768: require('nvim-treesitter.query_predicates')
085.183  000.228  000.228: require('lazyvim')
093.242  000.039  000.039: require('vim.F')
102.474  002.468  002.468: sourcing C:\Program Files\Neovim\share\nvim\runtime\colors\habamax.vim
105.057  000.281  000.281: require('rose-pine.config')
105.069  002.329  002.048: require('rose-pine')
114.157  000.354  000.354: require('rose-pine.utilities')
114.465  000.296  000.296: require('rose-pine.palette')
117.558  005.352  004.702: sourcing C:\Users\james\AppData\Local\nvim-data\lazy\rose-pine\colors\rose-pine.lua
118.522  000.250  000.250: sourcing C:\Program Files\Neovim\share\nvim\runtime/plugin/editorconfig.lua
118.985  000.079  000.079: sourcing C:\Program Files\Neovim\share\nvim\runtime/plugin/health.vim
119.594  000.231  000.231: sourcing C:\Program Files\Neovim\share\nvim\runtime/plugin/man.lua
120.327  000.350  000.350: sourcing C:\Program Files\Neovim\share\nvim\runtime/plugin/matchparen.vim
120.963  000.268  000.268: sourcing C:\Program Files\Neovim\share\nvim\runtime/plugin/nvim.lua
121.482  000.168  000.168: sourcing C:\Program Files\Neovim\share\nvim\runtime/plugin/shada.vim
121.941  000.078  000.078: sourcing C:\Program Files\Neovim\share\nvim\runtime/plugin/spellfile.vim
122.204  079.630  039.783: require('config.lazy')
122.212  079.747  000.117: sourcing C:\Users\james\AppData\Local\nvim\init.lua
122.283  003.179: sourcing vimrc file(s)
123.185  000.215  000.215: sourcing C:\Program Files\Neovim\share\nvim\runtime\filetype.lua
124.421  000.164  000.164: sourcing C:\Program Files\Neovim\share\nvim\runtime\syntax\synload.vim
124.631  001.007  000.844: sourcing C:\Program Files\Neovim\share\nvim\runtime\syntax\syntax.vim
124.697  001.192: inits 3
129.009  004.311: reading ShaDa
129.357  000.348: opening buffers
129.363  000.006: BufEnter autocommands
129.370  000.007: editing files in windows
130.336  000.252  000.252: sourcing C:/Users/james/AppData/Local/nvim-data/lazy/dashboard-nvim/plugin/dashboard.lua
132.732  000.306  000.306: require('dashboard.utils')
132.745  002.138  001.832: require('dashboard')
132.925  001.165: VimEnter autocommands
137.748  000.276  000.276: require('dashboard.theme.doom')
138.048  000.291  000.291: require('dashboard.theme.header')
138.900  005.408: UIEnter autocommands
163.137  022.424  022.424: sourcing C:\Program Files\Neovim\share\nvim\runtime\autoload\provider\clipboard.vim
163.177  001.853: before starting main loop
163.992  000.815: first screen update
163.999  000.007: --- NVIM STARTED ---


times in msec
 clock   self+sourced   self:  sourced script
 clock   elapsed:              other lines

000.022  000.022: --- NVIM STARTING ---
000.086  000.064: event init
000.236  000.150: early init
033.654  033.418: locale set
033.758  000.104: init first window
034.636  000.878: inits 1
034.771  000.135: window checked
034.783  000.012: parsing arguments
036.093  000.395  000.395: require('vim.shared')
037.014  000.386  000.386: require('vim._options')
037.023  000.919  000.532: require('vim._editor')
037.029  001.456  000.142: require('vim._init_packages')
037.045  000.807: init lua interpreter
042.857  005.812: expanding arguments
042.931  000.074: inits 2
044.002  001.070: init highlight


times in msec
 clock   self+sourced   self:  sourced script
 clock   elapsed:              other lines

000.020  000.020: --- NVIM STARTING ---
000.068  000.048: event init
000.175  000.107: early init
035.162  034.986: locale set
035.228  000.066: init first window
036.164  000.936: inits 1
036.243  000.079: window checked
036.266  000.023: parsing arguments
037.615  000.370  000.370: require('vim.shared')
038.460  000.334  000.334: require('vim._options')
038.470  000.844  000.510: require('vim._editor')
038.477  001.355  000.142: require('vim._init_packages')
038.496  000.875: init lua interpreter
038.775  000.279: expanding arguments
038.816  000.041: inits 2
039.670  000.854: init highlight
039.676  000.006: waiting for UI
039.845  000.169: done waiting for UI
039.855  000.010: clear screen
040.145  000.290: init default mappings & autocommands
042.413  000.139  000.139: sourcing C:\Program Files\Neovim\share\nvim\runtime\ftplugin.vim
042.968  000.094  000.094: sourcing C:\Program Files\Neovim\share\nvim\runtime\indent.vim
046.154  002.013  002.013: require('lazy')
046.214  000.020  000.020: require('ffi')
046.563  000.342  000.342: require('vim.loader')
047.010  000.248  000.248: require('vim.fs')
047.388  000.644  000.396: require('lazy.stats')
048.080  000.272  000.272: require('lazy.core.util')
048.388  000.300  000.300: require('lazy.core.config')
048.961  000.306  000.306: require('lazy.core.handler')
049.286  000.317  000.317: require('lazy.core.plugin')
049.310  000.914  000.291: require('lazy.core.loader')
053.616  000.367  000.367: require('lazyvim.util')
053.632  000.854  000.487: require('lazyvim.config')
056.562  001.228  001.228: require('lazyvim.config.options')
057.567  000.899  000.899: require('config.options')
057.943  000.334  000.334: require('lazyvim.util.plugin')
058.211  000.252  000.252: require('lazyvim.util.inject')
058.519  000.294  000.294: require('lazy.core.handler.event')
058.781  006.382  002.521: require('lazyvim.plugins')
059.146  000.285  000.285: require('lazyvim.plugins.coding')
059.498  000.266  000.266: require('lazyvim.plugins.colorscheme')
065.858  000.290  000.290: require('lazyvim.util.telescope')
065.917  006.362  006.072: require('lazyvim.plugins.editor')
066.523  000.352  000.352: require('lazyvim.plugins.formatting')
066.932  000.349  000.349: require('lazyvim.plugins.linting')
067.359  000.407  000.407: require('lazyvim.plugins.lsp')
067.790  000.393  000.393: require('lazyvim.plugins.treesitter')
068.164  000.328  000.328: require('lazyvim.plugins.ui')
068.522  000.309  000.309: require('lazyvim.plugins.util')
068.869  000.305  000.305: require('lazyvim.plugins.xtras')
069.619  000.281  000.281: require('lazyvim.plugins.extras.util.mini-hipatterns')
070.393  000.226  000.226: require('lazyvim.plugins.extras.lang.json')
071.058  000.259  000.259: require('lazyvim.plugins.extras.lang.typescript')
071.824  000.264  000.264: require('lazyvim.plugins.extras.lang.python')
072.695  000.284  000.284: require('lazyvim.plugins.extras.dap.core')
073.393  000.220  000.220: require('lazyvim.plugins.extras.formatting.black')
073.990  000.229  000.229: require('plugins._border')
074.402  000.235  000.235: require('plugins.coding')
075.002  000.240  000.240: require('plugins.colorscheme')
075.252  000.221  000.221: require('plugins.editor')
075.510  000.232  000.232: require('plugins.formatting')
075.828  000.265  000.265: require('plugins.lsp')
076.106  000.258  000.258: require('plugins.noice')
076.349  000.222  000.222: require('plugins.ui')
077.293  000.294  000.294: require('lazy.core.handler.cmd')
077.575  000.271  000.271: require('lazy.core.handler.keys')
077.828  000.242  000.242: require('lazy.core.handler.ft')
078.009  000.080  000.080: require('vim.keymap')
078.570  000.321  000.321: require('vim.inspect')
083.638  000.802  000.802: sourcing C:\Program Files\Neovim\share\nvim\runtime/filetype.lua
083.951  000.235  000.235: require('vim.ui')
086.268  000.221  000.221: require('vim.treesitter.language')
086.284  000.524  000.304: require('vim.treesitter.query')
086.293  002.214  001.689: require('nvim-treesitter.query_predicates')
086.979  000.287  000.287: require('lazyvim')
096.030  000.039  000.039: require('vim.F')
105.489  002.393  002.393: sourcing C:\Program Files\Neovim\share\nvim\runtime\colors\habamax.vim
107.961  000.251  000.251: require('rose-pine.config')
107.972  002.185  001.935: require('rose-pine')
117.893  000.306  000.306: require('rose-pine.utilities')
118.209  000.304  000.304: require('rose-pine.palette')
121.078  005.222  004.612: sourcing C:\Users\james\AppData\Local\nvim-data\lazy\rose-pine\colors\rose-pine.lua
122.119  000.263  000.263: sourcing C:\Program Files\Neovim\share\nvim\runtime/plugin/editorconfig.lua
122.579  000.086  000.086: sourcing C:\Program Files\Neovim\share\nvim\runtime/plugin/health.vim
123.246  000.265  000.265: sourcing C:\Program Files\Neovim\share\nvim\runtime/plugin/man.lua
123.980  000.357  000.357: sourcing C:\Program Files\Neovim\share\nvim\runtime/plugin/matchparen.vim
124.581  000.236  000.236: sourcing C:\Program Files\Neovim\share\nvim\runtime/plugin/nvim.lua
125.180  000.172  000.172: sourcing C:\Program Files\Neovim\share\nvim\runtime/plugin/shada.vim
125.634  000.074  000.074: sourcing C:\Program Files\Neovim\share\nvim\runtime/plugin/spellfile.vim
125.871  082.245  042.529: require('config.lazy')
125.879  082.362  000.116: sourcing C:\Users\james\AppData\Local\nvim\init.lua
125.944  003.203: sourcing vimrc file(s)
126.803  000.220  000.220: sourcing C:\Program Files\Neovim\share\nvim\runtime\filetype.lua
128.030  000.169  000.169: sourcing C:\Program Files\Neovim\share\nvim\runtime\syntax\synload.vim
128.234  000.984  000.816: sourcing C:\Program Files\Neovim\share\nvim\runtime\syntax\syntax.vim
128.300  001.153: inits 3
132.678  004.377: reading ShaDa
133.004  000.326: opening buffers
133.011  000.007: BufEnter autocommands
133.018  000.007: editing files in windows
134.096  000.275  000.275: sourcing C:/Users/james/AppData/Local/nvim-data/lazy/dashboard-nvim/plugin/dashboard.lua
136.705  000.381  000.381: require('dashboard.utils')
136.720  002.327  001.946: require('dashboard')
136.813  001.194: VimEnter autocommands
142.254  000.329  000.329: require('dashboard.theme.doom')
142.619  000.354  000.354: require('dashboard.theme.header')
143.442  005.945: UIEnter autocommands
168.582  023.206  023.206: sourcing C:\Program Files\Neovim\share\nvim\runtime\autoload\provider\clipboard.vim
168.616  001.968: before starting main loop
169.427  000.811: first screen update
169.433  000.007: --- NVIM STARTED ---


times in msec
 clock   self+sourced   self:  sourced script
 clock   elapsed:              other lines

000.029  000.029: --- NVIM STARTING ---
000.112  000.082: event init
000.262  000.150: early init
033.432  033.169: locale set
033.532  000.100: init first window
034.464  000.931: inits 1
034.612  000.148: window checked
034.628  000.016: parsing arguments
035.975  000.396  000.396: require('vim.shared')
036.876  000.337  000.337: require('vim._options')
036.885  000.899  000.562: require('vim._editor')
036.891  001.434  000.140: require('vim._init_packages')
036.909  000.847: init lua interpreter
042.522  005.614: expanding arguments
042.586  000.064: inits 2
043.486  000.900: init highlight
